<?xml version="1.0" encoding="UTF-8"?><testsuite errors="1" failures="0" name="As user, I want to buy some items" skipped="0" tests="1" time="70.33" timestamp="2022-07-04 03:56:41"><testcase name="Buy some items in General Store"><error message="An element could not be located on the page using the given search parameters. (WARNING: The server did not provide any stacktrace information)&#10;Command duration or timeout: 0 milliseconds&#10;For documentation on this error, please visit: https://www.seleniumhq.org/exceptions/no_such_element.html&#10;Build info: version: '3.141.59', revision: 'e82be7d358', time: '2018-11-14T08:17:03'&#10;System info: host: 'DESKTOP-PDJSF9M', ip: '192.168.173.103', os.name: 'Windows 10', os.arch: 'amd64', os.version: '10.0', java.version: '15.0.2'&#10;Driver info: io.appium.java_client.android.AndroidDriver&#10;Capabilities {appActivity: com.androidsample.generalst..., appPackage: com.androidsample.generalstore, automationName: UiAutomator2, databaseEnabled: false, desired: {appActivity: com.androidsample.generalst..., appPackage: com.androidsample.generalstore, automationName: UiAutomator2, deviceName: emulator-5558, hub: http://127.0.0.1:4723/wd/hub, loggingPrefs: {}, noReset: true, platformName: Android, platformVersion: 9, udid: emulator-5554}, deviceApiLevel: 30, deviceManufacturer: unknown, deviceModel: Android SDK built for x86, deviceName: emulator-5554, deviceScreenDensity: 440, deviceScreenSize: 1080x2280, deviceUDID: emulator-5554, hub: http://127.0.0.1:4723/wd/hub, javascriptEnabled: true, locationContextEnabled: false, loggingPrefs: org.openqa.selenium.logging..., networkConnectionEnabled: true, noReset: true, pixelRatio: 2.75, platform: LINUX, platformName: Android, platformVersion: 11, statBarHeight: 135, takesScreenshot: true, udid: emulator-5554, viewportRect: {height: 1842, left: 0, top: 135, width: 1080}, warnings: {}, webStorageEnabled: false}&#10;Session ID: 9e41e984-e9ea-41a7-92fe-18f8c6ce5392&#10;*** Element info: {Using=xpath, value=//*[@text='Buscar con Google']/following-sibling::android.view.View/android.widget.EditText}" type="org.openqa.selenium.NoSuchElementException">An element could not be located on the page using the given search parameters. (WARNING: The server did not provide any stacktrace information)
Command duration or timeout: 0 milliseconds
For documentation on this error, please visit: https://www.seleniumhq.org/exceptions/no_such_element.html
Build info: version: '3.141.59', revision: 'e82be7d358', time: '2018-11-14T08:17:03'
System info: host: 'DESKTOP-PDJSF9M', ip: '192.168.173.103', os.name: 'Windows 10', os.arch: 'amd64', os.version: '10.0', java.version: '15.0.2'
Driver info: io.appium.java_client.android.AndroidDriver
Capabilities {appActivity: com.androidsample.generalst..., appPackage: com.androidsample.generalstore, automationName: UiAutomator2, databaseEnabled: false, desired: {appActivity: com.androidsample.generalst..., appPackage: com.androidsample.generalstore, automationName: UiAutomator2, deviceName: emulator-5558, hub: http://127.0.0.1:4723/wd/hub, loggingPrefs: {}, noReset: true, platformName: Android, platformVersion: 9, udid: emulator-5554}, deviceApiLevel: 30, deviceManufacturer: unknown, deviceModel: Android SDK built for x86, deviceName: emulator-5554, deviceScreenDensity: 440, deviceScreenSize: 1080x2280, deviceUDID: emulator-5554, hub: http://127.0.0.1:4723/wd/hub, javascriptEnabled: true, locationContextEnabled: false, loggingPrefs: org.openqa.selenium.logging..., networkConnectionEnabled: true, noReset: true, pixelRatio: 2.75, platform: LINUX, platformName: Android, platformVersion: 11, statBarHeight: 135, takesScreenshot: true, udid: emulator-5554, viewportRect: {height: 1842, left: 0, top: 135, width: 1080}, warnings: {}, webStorageEnabled: false}
Session ID: 9e41e984-e9ea-41a7-92fe-18f8c6ce5392
*** Element info: {Using=xpath, value=//*[@text='Buscar con Google']/following-sibling::android.view.View/android.widget.EditText}</error><system-err>An element could not be located on the page using the given search parameters. (WARNING: The server did not provide any stacktrace information)
Command duration or timeout: 0 milliseconds
For documentation on this error, please visit: https://www.seleniumhq.org/exceptions/no_such_element.html
Build info: version: '3.141.59', revision: 'e82be7d358', time: '2018-11-14T08:17:03'
System info: host: 'DESKTOP-PDJSF9M', ip: '192.168.173.103', os.name: 'Windows 10', os.arch: 'amd64', os.version: '10.0', java.version: '15.0.2'
Driver info: io.appium.java_client.android.AndroidDriver
Capabilities {appActivity: com.androidsample.generalst..., appPackage: com.androidsample.generalstore, automationName: UiAutomator2, databaseEnabled: false, desired: {appActivity: com.androidsample.generalst..., appPackage: com.androidsample.generalstore, automationName: UiAutomator2, deviceName: emulator-5558, hub: http://127.0.0.1:4723/wd/hub, loggingPrefs: {}, noReset: true, platformName: Android, platformVersion: 9, udid: emulator-5554}, deviceApiLevel: 30, deviceManufacturer: unknown, deviceModel: Android SDK built for x86, deviceName: emulator-5554, deviceScreenDensity: 440, deviceScreenSize: 1080x2280, deviceUDID: emulator-5554, hub: http://127.0.0.1:4723/wd/hub, javascriptEnabled: true, locationContextEnabled: false, loggingPrefs: org.openqa.selenium.logging..., networkConnectionEnabled: true, noReset: true, pixelRatio: 2.75, platform: LINUX, platformName: Android, platformVersion: 11, statBarHeight: 135, takesScreenshot: true, udid: emulator-5554, viewportRect: {height: 1842, left: 0, top: 135, width: 1080}, warnings: {}, webStorageEnabled: false}
Session ID: 9e41e984-e9ea-41a7-92fe-18f8c6ce5392
*** Element info: {Using=xpath, value=//*[@text='Buscar con Google']/following-sibling::android.view.View/android.widget.EditText}&#13;
io.appium.java_client.remote.AppiumCommandExecutor.execute(AppiumCommandExecutor.java:250)&#13;
io.appium.java_client.DefaultGenericMobileDriver.execute(DefaultGenericMobileDriver.java:41)&#13;
io.appium.java_client.AppiumDriver.execute(AppiumDriver.java:1)&#13;
io.appium.java_client.android.AndroidDriver.execute(AndroidDriver.java:1)&#13;
io.appium.java_client.DefaultGenericMobileDriver.findElement(DefaultGenericMobileDriver.java:61)&#13;
io.appium.java_client.AppiumDriver.findElement(AppiumDriver.java:1)&#13;
io.appium.java_client.android.AndroidDriver.findElement(AndroidDriver.java:1)&#13;
io.appium.java_client.DefaultGenericMobileDriver.findElementByXPath(DefaultGenericMobileDriver.java:151)&#13;
io.appium.java_client.AppiumDriver.findElementByXPath(AppiumDriver.java:1)&#13;
io.appium.java_client.android.AndroidDriver.findElementByXPath(AndroidDriver.java:1)&#13;
io.appium.java_client.DefaultGenericMobileDriver.findElement(DefaultGenericMobileDriver.java:57)&#13;
io.appium.java_client.AppiumDriver.findElement(AppiumDriver.java:1)&#13;
io.appium.java_client.android.AndroidDriver.findElement(AndroidDriver.java:1)&#13;
com.generalstore.interactions.Navigate.performAs(Navigate.java:25)&#13;
com.generalstore.stepsdefinition.BuyProductsStepsDefinitions.navigateOnWebview(BuyProductsStepsDefinitions.java:58)&#13;
io.cucumber.java.Invoker.doInvoke(Invoker.java:66)&#13;
io.cucumber.java.Invoker.invoke(Invoker.java:24)&#13;
io.cucumber.java.AbstractGlueDefinition.invokeMethod(AbstractGlueDefinition.java:47)&#13;
io.cucumber.java.JavaStepDefinition.execute(JavaStepDefinition.java:29)&#13;
io.cucumber.core.runner.CoreStepDefinition.execute(CoreStepDefinition.java:66)&#13;
io.cucumber.core.runner.PickleStepDefinitionMatch.runStep(PickleStepDefinitionMatch.java:63)&#13;
io.cucumber.core.runner.TestStep.executeStep(TestStep.java:92)&#13;
io.cucumber.core.runner.TestStep.run(TestStep.java:64)&#13;
io.cucumber.core.runner.PickleStepTestStep.run(PickleStepTestStep.java:51)&#13;
io.cucumber.core.runner.TestCase.run(TestCase.java:104)&#13;
io.cucumber.core.runner.Runner.runPickle(Runner.java:73)&#13;
io.cucumber.junit.FeatureRunner.runChild(FeatureRunner.java:135)&#13;
io.cucumber.junit.FeatureRunner.runChild(FeatureRunner.java:27)&#13;
io.cucumber.junit.CucumberSerenityRunner.runChild(CucumberSerenityRunner.java:259)&#13;
io.cucumber.junit.CucumberSerenityRunner.runChild(CucumberSerenityRunner.java:58)&#13;
</system-err></testcase></testsuite>